<?xml version="1.0" encoding="UTF-8"?>
<!-- Generated by org.testng.reporters.JUnitReportReporter -->
<testsuite hostname="Anubhavs-MacBook-Air.local" failures="0" tests="1" name="TestCases.GoToURL" time="2.973" errors="0" timestamp="2023-11-14T22:22:05 IST" skipped="0">
  <testcase classname="TestCases.GoToURL" name="Test" time="2.973"/>
  <system-out/>
</testsuite> <!-- TestCases.GoToURL -->
