<?xml version="1.0" encoding="UTF-8"?>
<!-- Generated by org.testng.reporters.JUnitReportReporter -->
<testsuite hostname="Anubhavs-MacBook-Air.local" failures="0" tests="1" name="TestCases.DoSomeAction" time="0.630" errors="0" timestamp="2023-11-14T22:22:05 IST" skipped="0">
  <testcase classname="TestCases.DoSomeAction" name="Test" time="0.630"/>
  <system-out/>
</testsuite> <!-- TestCases.DoSomeAction -->
